0 info it worked if it ends with ok
1 verbose cli [ 'D:\\nodejs\\node.exe',
1 verbose cli   'D:\\nodejs\\node_modules\\npm\\bin\\npm-cli.js',
1 verbose cli   'start' ]
2 info using npm@3.8.6
3 info using node@v6.0.0
4 verbose run-script [ 'prestart', 'start', 'poststart' ]
5 info lifecycle bt2@0.0.1~prestart: bt2@0.0.1
6 silly lifecycle bt2@0.0.1~prestart: no script for prestart, continuing
7 info lifecycle bt2@0.0.1~start: bt2@0.0.1
8 verbose lifecycle bt2@0.0.1~start: unsafe-perm in lifecycle true
9 verbose lifecycle bt2@0.0.1~start: PATH: D:\nodejs\node_modules\npm\bin\node-gyp-bin;C:\Users\Tuan Nguyen\Desktop\BaiTap2\node_modules\.bin;D:\nodejs;D:\app\TuanNguyen\product\11.2.0\dbhome_1\bin;C:\WINDOWS\system32;C:\WINDOWS;C:\WINDOWS\System32\Wbem;C:\WINDOWS\System32\WindowsPowerShell\v1.0\;C:\Program Files (x86)\Windows Kits\8.1\Windows Performance Toolkit\;C:\Program Files\Microsoft SQL Server\110\Tools\Binn\;C:\Program Files (x86)\Microsoft SQL Server\100\Tools\Binn\;C:\Program Files\Microsoft SQL Server\100\Tools\Binn\;C:\Program Files\Microsoft SQL Server\100\DTS\Binn\;C:\Program Files (x86)\Microsoft SQL Server\100\Tools\Binn\VSShell\Common7\IDE\;C:\Program Files (x86)\Microsoft SQL Server\100\DTS\Binn\;C:\Program Files (x86)\Microsoft Visual Studio 9.0\Common7\IDE\PrivateAssemblies\;C:\MongoDB\bin;D:\nodejs\;C:\Program Files (x86)\Heroku\bin;C:\Program Files (x86)\git\cmd;C:\Program Files (x86)\Git\cmd;C:\Program Files (x86)\Skype\Phone\;C:\Users\Tuan Nguyen\AppData\Roaming\npm
10 verbose lifecycle bt2@0.0.1~start: CWD: C:\Users\Tuan Nguyen\Desktop\BaiTap2
11 silly lifecycle bt2@0.0.1~start: Args: [ '/d /s /c', 'node ./bin/www' ]
12 silly lifecycle bt2@0.0.1~start: Returned: code: 1  signal: null
13 info lifecycle bt2@0.0.1~start: Failed to exec start script
14 verbose stack Error: bt2@0.0.1 start: `node ./bin/www`
14 verbose stack Exit status 1
14 verbose stack     at EventEmitter.<anonymous> (D:\nodejs\node_modules\npm\lib\utils\lifecycle.js:239:16)
14 verbose stack     at emitTwo (events.js:106:13)
14 verbose stack     at EventEmitter.emit (events.js:191:7)
14 verbose stack     at ChildProcess.<anonymous> (D:\nodejs\node_modules\npm\lib\utils\spawn.js:24:14)
14 verbose stack     at emitTwo (events.js:106:13)
14 verbose stack     at ChildProcess.emit (events.js:191:7)
14 verbose stack     at maybeClose (internal/child_process.js:850:16)
14 verbose stack     at Process.ChildProcess._handle.onexit (internal/child_process.js:215:5)
15 verbose pkgid bt2@0.0.1
16 verbose cwd C:\Users\Tuan Nguyen\Desktop\BaiTap2
17 error Windows_NT 10.0.10586
18 error argv "D:\\nodejs\\node.exe" "D:\\nodejs\\node_modules\\npm\\bin\\npm-cli.js" "start"
19 error node v6.0.0
20 error npm  v3.8.6
21 error code ELIFECYCLE
22 error bt2@0.0.1 start: `node ./bin/www`
22 error Exit status 1
23 error Failed at the bt2@0.0.1 start script 'node ./bin/www'.
23 error Make sure you have the latest version of node.js and npm installed.
23 error If you do, this is most likely a problem with the bt2 package,
23 error not with npm itself.
23 error Tell the author that this fails on your system:
23 error     node ./bin/www
23 error You can get information on how to open an issue for this project with:
23 error     npm bugs bt2
23 error Or if that isn't available, you can get their info via:
23 error     npm owner ls bt2
23 error There is likely additional logging output above.
24 verbose exit [ 1, true ]
